{"name": "Checking Web table change row count functionality", "status": "failed", "statusDetails": {"message": "AssertionError: The number of rows in the table has not been changed or has changed incorrectly\nassert [5, 10, 20, 2...row selector'] == [5, 10, 20, 25, 50, 100]\n  At index 4 diff: 'cant find 50 row selector' != 50\n  Use -v to get more diff", "trace": "self = <elements_test.TestElements.TestWebTable object at 0x0000027E392A7210>, driver = <selenium.webdriver.chrome.webdriver.WebDriver (session=\"e5574699e6b49ab455470b268cbe67c8\")>\n\n    @allure.title(\"Checking Web table change row count functionality\")\n    def test_web_table_change_row_count(self, driver):\n        web_table_page = WebTablePage(driver, 'https://demoqa.com/webtables')\n        web_table_page.open()\n        count = web_table_page.switch_number_of_rows()\n>       assert count == [5, 10, 20, 25, 50,\n                         100], 'The number of rows in the table has not been changed or has changed incorrectly'\nE       AssertionError: The number of rows in the table has not been changed or has changed incorrectly\nE       assert [5, 10, 20, 2...row selector'] == [5, 10, 20, 25, 50, 100]\nE         At index 4 diff: 'cant find 50 row selector' != 50\nE         Use -v to get more diff\n\ntests\\elements_test.py:103: AssertionError"}, "start": 1703181509089, "stop": 1703181514196, "uuid": "f1ccf208-cad9-49ca-993f-96b5d608e239", "historyId": "ef4a38982b6cdef90488719850d15af5", "testCaseId": "ef4a38982b6cdef90488719850d15af5", "fullName": "tests.elements_test.TestWebTable#test_web_table_change_row_count", "labels": [{"name": "suite", "value": "Elements"}, {"name": "feature", "value": "Web Table"}, {"name": "parentSuite", "value": "tests"}, {"name": "subSuite", "value": "TestElements"}, {"name": "host", "value": "DESKTOP-A8V6P96"}, {"name": "thread", "value": "17148-MainThread"}, {"name": "framework", "value": "pytest"}, {"name": "language", "value": "cpython3"}, {"name": "package", "value": "tests.elements_test"}]}