{"name": "Checking Radio Button", "status": "failed", "statusDetails": {"message": "AssertionError: Radio button is not clickable, or output is wrong\nassert 'Impressive' == 'No'\n  - No\n  + Impressive", "trace": "self = <elements_test.TestElements.TestRadioButton object at 0x0000027E392A4F90>, driver = <selenium.webdriver.chrome.webdriver.WebDriver (session=\"8affe2808148d2ab5e0dd2db5e4ca4db\")>\n\n    @allure.title(\"Checking Radio Button\")\n    def test_radio_button(self, driver):\n        radio_button_page = RadioButtonPage(driver, 'https://demoqa.com/radio-button')\n        radio_button_page.open()\n        radio_button_page.click_on_the_radio_button('yes')\n        output_yes = radio_button_page.get_output_text()\n        radio_button_page.click_on_the_radio_button('impressive')\n        output_impressive = radio_button_page.get_output_text()\n        radio_button_page.click_on_the_radio_button('no')\n        output_no = radio_button_page.get_output_text()\n        assert output_yes == 'Yes', \"Radio button is not clickable, or output is wrong\"\n        assert output_impressive == 'Impressive', \"Radio button is not clickable, or output is wrong\"\n>       assert output_no == \"No\", \"Radio button is not clickable, or output is wrong\"\nE       AssertionError: Radio button is not clickable, or output is wrong\nE       assert 'Impressive' == 'No'\nE         - No\nE         + Impressive\n\ntests\\elements_test.py:53: AssertionError"}, "start": 1703181451984, "stop": 1703181453457, "uuid": "6e72266f-b98e-45eb-ba89-6df3745632ef", "historyId": "eebfee4ebcd68f4b545d67ab166047da", "testCaseId": "eebfee4ebcd68f4b545d67ab166047da", "fullName": "tests.elements_test.TestRadioButton#test_radio_button", "labels": [{"name": "feature", "value": "Radio Button"}, {"name": "suite", "value": "Elements"}, {"name": "parentSuite", "value": "tests"}, {"name": "subSuite", "value": "TestElements"}, {"name": "host", "value": "DESKTOP-A8V6P96"}, {"name": "thread", "value": "17148-MainThread"}, {"name": "framework", "value": "pytest"}, {"name": "language", "value": "cpython3"}, {"name": "package", "value": "tests.elements_test"}]}