{"name": "Checking Radio Button", "status": "failed", "statusDetails": {"message": "AssertionError: Radio button is not clickable, or output is wrong\nassert 'Impressive' == 'No'\n  - No\n  + Impressive", "trace": "self = <elements_test.TestElements.TestRadioButton object at 0x000001C83DFF8250>, driver = <selenium.webdriver.chrome.webdriver.WebDriver (session=\"98ae4b344edb58cb87b27d8e999d4bae\")>\n\n    @allure.title(\"Checking Radio Button\")\n    def test_radio_button(self, driver):\n        radio_button_page = RadioButtonPage(driver, 'https://demoqa.com/radio-button')\n        radio_button_page.open()\n        radio_button_page.click_on_the_radio_button('yes')\n        output_yes = radio_button_page.get_output_text()\n        radio_button_page.click_on_the_radio_button('impressive')\n        output_impressive = radio_button_page.get_output_text()\n        radio_button_page.click_on_the_radio_button('no')\n        output_no = radio_button_page.get_output_text()\n        assert output_yes == 'Yes', \"Radio button is not clickable, or output is wrong\"\n        assert output_impressive == 'Impressive', \"Radio button is not clickable, or output is wrong\"\n>       assert output_no == \"No\", \"Radio button is not clickable, or output is wrong\"\nE       AssertionError: Radio button is not clickable, or output is wrong\nE       assert 'Impressive' == 'No'\nE         - No\nE         + Impressive\n\ntests\\elements_test.py:53: AssertionError"}, "start": 1703185899547, "stop": 1703185901711, "uuid": "f8d6768f-c18b-4b65-b04b-74eb72599697", "historyId": "eebfee4ebcd68f4b545d67ab166047da", "testCaseId": "eebfee4ebcd68f4b545d67ab166047da", "fullName": "tests.elements_test.TestRadioButton#test_radio_button", "labels": [{"name": "feature", "value": "Radio Button"}, {"name": "suite", "value": "Elements"}, {"name": "parentSuite", "value": "tests"}, {"name": "subSuite", "value": "TestElements"}, {"name": "host", "value": "DESKTOP-A8V6P96"}, {"name": "thread", "value": "10480-MainThread"}, {"name": "framework", "value": "pytest"}, {"name": "language", "value": "cpython3"}, {"name": "package", "value": "tests.elements_test"}]}