{"name": "Checking Web table change row count functionality", "status": "failed", "statusDetails": {"message": "AssertionError: The number of rows in the table has not been changed or has changed incorrectly\nassert [5, 10, 20, 2...row selector'] == [5, 10, 20, 25, 50, 100]\n  At index 4 diff: 'cant find 50 row selector' != 50\n  Use -v to get more diff", "trace": "self = <elements_test.TestElements.TestWebTable object at 0x000001C83DFF9AD0>, driver = <selenium.webdriver.chrome.webdriver.WebDriver (session=\"f65a5268ff24bca527996ede62658dce\")>\n\n    @allure.title(\"Checking Web table change row count functionality\")\n    def test_web_table_change_row_count(self, driver):\n        web_table_page = WebTablePage(driver, 'https://demoqa.com/webtables')\n        web_table_page.open()\n        count = web_table_page.switch_number_of_rows()\n>       assert count == [5, 10, 20, 25, 50,\n                         100], 'The number of rows in the table has not been changed or has changed incorrectly'\nE       AssertionError: The number of rows in the table has not been changed or has changed incorrectly\nE       assert [5, 10, 20, 2...row selector'] == [5, 10, 20, 25, 50, 100]\nE         At index 4 diff: 'cant find 50 row selector' != 50\nE         Use -v to get more diff\n\ntests\\elements_test.py:103: AssertionError"}, "start": 1703185957103, "stop": 1703185962680, "uuid": "624518f0-ac02-40e7-8eb8-83e312085aa1", "historyId": "ef4a38982b6cdef90488719850d15af5", "testCaseId": "ef4a38982b6cdef90488719850d15af5", "fullName": "tests.elements_test.TestWebTable#test_web_table_change_row_count", "labels": [{"name": "suite", "value": "Elements"}, {"name": "feature", "value": "Web Table"}, {"name": "parentSuite", "value": "tests"}, {"name": "subSuite", "value": "TestElements"}, {"name": "host", "value": "DESKTOP-A8V6P96"}, {"name": "thread", "value": "10480-MainThread"}, {"name": "framework", "value": "pytest"}, {"name": "language", "value": "cpython3"}, {"name": "package", "value": "tests.elements_test"}]}